<?xml version="1.0" encoding="UTF-8"?>
<!-- Generated by org.testng.reporters.JUnitXMLReporter -->
<testsuite ignored="0" hostname="LTIN674473" failures="2" tests="17" name="Test" time="249.411" errors="0" timestamp="2026-06-19T11:06:29 IST">
  <testcase classname="tests.SelectableTest" name="testSelectableList" time="4.655"/>
  <testcase classname="tests.SelectableTest" name="testSelectableGrid" time="4.671"/>
  <testcase classname="tests.DroppableTests" name="simpleDragAndDrop" time="6.226">
    <skipped/>
  </testcase> <!-- simpleDragAndDrop -->
  <testcase classname="tests.DroppableTests" name="simpleDragAndDrop" time="6.413">
    <skipped/>
  </testcase> <!-- simpleDragAndDrop -->
  <testcase classname="tests.DroppableTests" name="simpleDragAndDrop" time="6.368">
    <failure type="java.lang.AssertionError" message="expected [Dropped!] but found [Drop Here]">
      <![CDATA[java.lang.AssertionError: expected [Dropped!] but found [Drop Here]
at tests.DroppableTests.simpleDragAndDrop(DroppableTests.java:19)
at java.base/java.util.ArrayList.forEach(ArrayList.java:1596)
... Removed 31 stack frames]]>
    </failure>
  </testcase> <!-- simpleDragAndDrop -->
  <testcase classname="tests.DroppableTests" name="preventPropagationDroppable" time="6.79">
    <skipped/>
  </testcase> <!-- preventPropagationDroppable -->
  <testcase classname="tests.DroppableTests" name="preventPropagationDroppable" time="6.568">
    <skipped/>
  </testcase> <!-- preventPropagationDroppable -->
  <testcase classname="tests.DroppableTests" name="preventPropagationDroppable" time="6.529">
    <failure type="java.lang.AssertionError" message="expected [true] but found [false]">
      <![CDATA[java.lang.AssertionError: expected [true] but found [false]
at tests.DroppableTests.preventPropagationDroppable(DroppableTests.java:44)
at java.base/java.util.ArrayList.forEach(ArrayList.java:1596)
... Removed 29 stack frames]]>
    </failure>
  </testcase> <!-- preventPropagationDroppable -->
  <testcase classname="tests.DroppableTests" name="testRevertDraggable" time="11.58"/>
  <testcase classname="tests.ResizableTest" name="testResizableBoxWithRestriction" time="4.848"/>
  <testcase classname="tests.ResizableTest" name="testResizableBoxWithoutRestriction" time="4.373"/>
  <testcase classname="tests.DraggableTest" name="testSimpleDraggable" time="5.533"/>
  <testcase classname="tests.DraggableTest" name="testAxisRestrictedDraggable" time="6.866"/>
  <testcase classname="tests.DraggableTest" name="testCursorStyleDraggable" time="8.098"/>
  <testcase classname="tests.DraggableTest" name="testContainerRestrictedElegant" time="9.692"/>
  <testcase classname="tests.SortableTest" name="testSortableList" time="5.485"/>
  <testcase classname="tests.SortableTest" name="testSortableGrid" time="5.439"/>
</testsuite> <!-- Test -->
