<?xml version="1.0" encoding="UTF-8"?>
<!-- Generated by org.testng.reporters.JUnitXMLReporter -->
<testsuite ignored="0" hostname="LTIN674473" failures="0" tests="13" name="Test" time="118.226" errors="0" timestamp="2026-06-18T20:36:37 IST">
  <testcase classname="tests.SortableTest" name="testSortableList" time="10.615"/>
  <testcase classname="tests.SelectableTest" name="testSelectableList" time="13.597"/>
  <testcase classname="tests.DraggableTest" name="testSimpleDraggable" time="12.128"/>
  <testcase classname="tests.ResizableTest" name="testResizableBoxWithRestriction" time="13.911"/>
  <testcase classname="tests.DroppableTests" name="preventPropagationDroppable" time="16.416"/>
  <testcase classname="tests.SelectableTest" name="testSelectableGrid" time="6.766"/>
  <testcase classname="tests.DraggableTest" name="testAxisRestrictedDraggable" time="10.495"/>
  <testcase classname="tests.SortableTest" name="testSortableGrid" time="13.285"/>
  <testcase classname="tests.ResizableTest" name="testResizableBoxWithoutRestriction" time="13.22"/>
  <testcase classname="tests.DroppableTests" name="testRevertDraggable" time="17.24"/>
  <testcase classname="tests.DraggableTest" name="testCursorStyleDraggable" time="9.992">
    <skipped/>
  </testcase> <!-- testCursorStyleDraggable -->
  <testcase classname="tests.DraggableTest" name="testCursorStyleDraggable" time="9.296"/>
  <testcase classname="tests.DraggableTest" name="testContainerRestrictedElegant" time="9.33"/>
</testsuite> <!-- Test -->
