<?xml version="1.0" encoding="UTF-8"?>
<!-- Generated by org.testng.reporters.JUnitXMLReporter -->
<testsuite ignored="0" hostname="LTIN674473" failures="0" tests="13" name="Test" time="117.663" errors="0" timestamp="2026-06-18T20:52:10 IST">
  <testcase classname="tests.SelectableTest" name="testSelectableList" time="12.405"/>
  <testcase classname="tests.ResizableTest" name="testResizableBoxWithRestriction" time="14.42"/>
  <testcase classname="tests.DroppableTests" name="preventPropagationDroppable" time="14.652">
    <skipped/>
  </testcase> <!-- preventPropagationDroppable -->
  <testcase classname="tests.SortableTest" name="testSortableList" time="15.316"/>
  <testcase classname="tests.DraggableTest" name="testSimpleDraggable" time="15.352"/>
  <testcase classname="tests.SortableTest" name="testSortableGrid" time="12.446"/>
  <testcase classname="tests.ResizableTest" name="testResizableBoxWithoutRestriction" time="10.328"/>
  <testcase classname="tests.SelectableTest" name="testSelectableGrid" time="12.109"/>
  <testcase classname="tests.DraggableTest" name="testAxisRestrictedDraggable" time="13.495"/>
  <testcase classname="tests.DroppableTests" name="preventPropagationDroppable" time="17.521"/>
  <testcase classname="tests.DraggableTest" name="testCursorStyleDraggable" time="9.919"/>
  <testcase classname="tests.DroppableTests" name="testRevertDraggable" time="12.86"/>
  <testcase classname="tests.DraggableTest" name="testContainerRestrictedElegant" time="10.553"/>
</testsuite> <!-- Test -->
