<?xml version="1.0" encoding="UTF-8"?>
<testng-results retried="1" ignored="0" total="13" passed="12" failed="0" skipped="0">
  <reporter-output>
  </reporter-output>
  <suite started-at="2026-06-18T20:50:12 IST" name="Suite" finished-at="2026-06-18T20:52:10 IST" duration-ms="117663">
    <groups>
    </groups>
    <test started-at="2026-06-18T20:50:12 IST" name="Test" finished-at="2026-06-18T20:52:10 IST" duration-ms="117663">
      <class name="tests.DraggableTest">
        <test-method is-config="true" signature="setUp()[pri:0, instance:tests.DraggableTest@7e07db1f]" started-at="2026-06-18T20:50:12 IST" name="setUp" finished-at="2026-06-18T20:50:23 IST" duration-ms="10503" status="PASS">
          <reporter-output>
          </reporter-output>
        </test-method> <!-- setUp -->
        <test-method signature="testSimpleDraggable()[pri:1, instance:tests.DraggableTest@7e07db1f]" started-at="2026-06-18T20:50:23 IST" name="testSimpleDraggable" finished-at="2026-06-18T20:50:38 IST" duration-ms="15352" status="PASS">
          <reporter-output>
          </reporter-output>
        </test-method> <!-- testSimpleDraggable -->
        <test-method is-config="true" signature="tearDown()[pri:0, instance:tests.DraggableTest@7e07db1f]" started-at="2026-06-18T20:50:38 IST" name="tearDown" finished-at="2026-06-18T20:50:50 IST" duration-ms="12215" status="PASS">
          <reporter-output>
          </reporter-output>
        </test-method> <!-- tearDown -->
        <test-method is-config="true" signature="setUp()[pri:0, instance:tests.DraggableTest@7e07db1f]" started-at="2026-06-18T20:50:50 IST" name="setUp" finished-at="2026-06-18T20:50:58 IST" duration-ms="7550" status="PASS">
          <reporter-output>
          </reporter-output>
        </test-method> <!-- setUp -->
        <test-method signature="testAxisRestrictedDraggable()[pri:2, instance:tests.DraggableTest@7e07db1f]" started-at="2026-06-18T20:50:58 IST" name="testAxisRestrictedDraggable" finished-at="2026-06-18T20:51:11 IST" duration-ms="13495" status="PASS">
          <reporter-output>
          </reporter-output>
        </test-method> <!-- testAxisRestrictedDraggable -->
        <test-method is-config="true" signature="tearDown()[pri:0, instance:tests.DraggableTest@7e07db1f]" started-at="2026-06-18T20:51:11 IST" name="tearDown" finished-at="2026-06-18T20:51:26 IST" duration-ms="14860" status="PASS">
          <reporter-output>
          </reporter-output>
        </test-method> <!-- tearDown -->
        <test-method is-config="true" signature="setUp()[pri:0, instance:tests.DraggableTest@7e07db1f]" started-at="2026-06-18T20:51:26 IST" name="setUp" finished-at="2026-06-18T20:51:31 IST" duration-ms="4490" status="PASS">
          <reporter-output>
          </reporter-output>
        </test-method> <!-- setUp -->
        <test-method signature="testCursorStyleDraggable()[pri:3, instance:tests.DraggableTest@7e07db1f]" started-at="2026-06-18T20:51:31 IST" name="testCursorStyleDraggable" finished-at="2026-06-18T20:51:41 IST" duration-ms="9919" status="PASS">
          <reporter-output>
          </reporter-output>
        </test-method> <!-- testCursorStyleDraggable -->
        <test-method is-config="true" signature="tearDown()[pri:0, instance:tests.DraggableTest@7e07db1f]" started-at="2026-06-18T20:51:41 IST" name="tearDown" finished-at="2026-06-18T20:51:49 IST" duration-ms="7884" status="PASS">
          <reporter-output>
          </reporter-output>
        </test-method> <!-- tearDown -->
        <test-method is-config="true" signature="setUp()[pri:0, instance:tests.DraggableTest@7e07db1f]" started-at="2026-06-18T20:51:49 IST" name="setUp" finished-at="2026-06-18T20:51:53 IST" duration-ms="4085" status="PASS">
          <reporter-output>
          </reporter-output>
        </test-method> <!-- setUp -->
        <test-method signature="testContainerRestrictedElegant()[pri:4, instance:tests.DraggableTest@7e07db1f]" started-at="2026-06-18T20:51:53 IST" name="testContainerRestrictedElegant" finished-at="2026-06-18T20:52:03 IST" duration-ms="10553" status="PASS">
          <reporter-output>
          </reporter-output>
        </test-method> <!-- testContainerRestrictedElegant -->
        <test-method is-config="true" signature="tearDown()[pri:0, instance:tests.DraggableTest@7e07db1f]" started-at="2026-06-18T20:52:03 IST" name="tearDown" finished-at="2026-06-18T20:52:10 IST" duration-ms="6396" status="PASS">
          <reporter-output>
          </reporter-output>
        </test-method> <!-- tearDown -->
      </class> <!-- tests.DraggableTest -->
      <class name="tests.ResizableTest">
        <test-method is-config="true" signature="setUp()[pri:0, instance:tests.ResizableTest@35cabb2a]" started-at="2026-06-18T20:50:12 IST" name="setUp" finished-at="2026-06-18T20:50:23 IST" duration-ms="10496" status="PASS">
          <reporter-output>
          </reporter-output>
        </test-method> <!-- setUp -->
        <test-method signature="testResizableBoxWithRestriction()[pri:1, instance:tests.ResizableTest@35cabb2a]" started-at="2026-06-18T20:50:23 IST" name="testResizableBoxWithRestriction" finished-at="2026-06-18T20:50:37 IST" duration-ms="14420" status="PASS">
          <reporter-output>
          </reporter-output>
        </test-method> <!-- testResizableBoxWithRestriction -->
        <test-method is-config="true" signature="tearDown()[pri:0, instance:tests.ResizableTest@35cabb2a]" started-at="2026-06-18T20:50:37 IST" name="tearDown" finished-at="2026-06-18T20:50:51 IST" duration-ms="13247" status="PASS">
          <reporter-output>
          </reporter-output>
        </test-method> <!-- tearDown -->
        <test-method is-config="true" signature="setUp()[pri:0, instance:tests.ResizableTest@35cabb2a]" started-at="2026-06-18T20:50:51 IST" name="setUp" finished-at="2026-06-18T20:50:58 IST" duration-ms="7915" status="PASS">
          <reporter-output>
          </reporter-output>
        </test-method> <!-- setUp -->
        <test-method signature="testResizableBoxWithoutRestriction()[pri:2, instance:tests.ResizableTest@35cabb2a]" started-at="2026-06-18T20:50:58 IST" name="testResizableBoxWithoutRestriction" finished-at="2026-06-18T20:51:09 IST" duration-ms="10328" status="PASS">
          <reporter-output>
          </reporter-output>
        </test-method> <!-- testResizableBoxWithoutRestriction -->
        <test-method is-config="true" signature="tearDown()[pri:0, instance:tests.ResizableTest@35cabb2a]" started-at="2026-06-18T20:51:09 IST" name="tearDown" finished-at="2026-06-18T20:51:25 IST" duration-ms="15797" status="PASS">
          <reporter-output>
          </reporter-output>
        </test-method> <!-- tearDown -->
      </class> <!-- tests.ResizableTest -->
      <class name="tests.DroppableTests">
        <test-method is-config="true" signature="setUp()[pri:0, instance:tests.DroppableTests@3a93b025]" started-at="2026-06-18T20:50:12 IST" name="setUp" finished-at="2026-06-18T20:50:23 IST" duration-ms="10482" status="PASS">
          <reporter-output>
          </reporter-output>
        </test-method> <!-- setUp -->
        <test-method retried="true" signature="preventPropagationDroppable()[pri:3, instance:tests.DroppableTests@3a93b025]" started-at="2026-06-18T20:50:23 IST" name="preventPropagationDroppable" finished-at="2026-06-18T20:50:37 IST" duration-ms="14652" status="SKIP">
          <exception class="java.lang.AssertionError">
            <message>
              <![CDATA[expected [true] but found [false]]]>
            </message>
            <full-stacktrace>
              <![CDATA[java.lang.AssertionError: expected [true] but found [false]
at org.testng.Assert.fail(Assert.java:111)
at org.testng.Assert.failNotEquals(Assert.java:1590)
at org.testng.Assert.assertTrue(Assert.java:57)
at org.testng.Assert.assertTrue(Assert.java:67)
at tests.DroppableTests.preventPropagationDroppable(DroppableTests.java:44)
at java.base/jdk.internal.reflect.DirectMethodHandleAccessor.invoke(DirectMethodHandleAccessor.java:103)
at java.base/java.lang.reflect.Method.invoke(Method.java:580)
at org.testng.internal.invokers.MethodInvocationHelper.invokeMethod(MethodInvocationHelper.java:141)
at org.testng.internal.invokers.TestInvoker.invokeMethod(TestInvoker.java:697)
at org.testng.internal.invokers.TestInvoker.invokeTestMethod(TestInvoker.java:230)
at org.testng.internal.invokers.MethodRunner.runInSequence(MethodRunner.java:63)
at org.testng.internal.invokers.TestInvoker$MethodInvocationAgent.invoke(TestInvoker.java:1005)
at org.testng.internal.invokers.TestInvoker.invokeTestMethods(TestInvoker.java:203)
at org.testng.internal.invokers.TestMethodWorker.invokeTestMethods(TestMethodWorker.java:154)
at org.testng.internal.invokers.TestMethodWorker.run(TestMethodWorker.java:134)
at java.base/java.util.concurrent.Executors$RunnableAdapter.call(Executors.java:572)
at java.base/java.util.concurrent.FutureTask.run(FutureTask.java:317)
at org.testng.internal.thread.graph.TestNGFutureTask.run(TestNGFutureTask.java:22)
at java.base/java.util.concurrent.ThreadPoolExecutor.runWorker(ThreadPoolExecutor.java:1144)
at java.base/java.util.concurrent.ThreadPoolExecutor$Worker.run(ThreadPoolExecutor.java:642)
at java.base/java.lang.Thread.run(Thread.java:1583)
]]>
            </full-stacktrace>
          </exception> <!-- java.lang.AssertionError -->
          <reporter-output>
          </reporter-output>
        </test-method> <!-- preventPropagationDroppable -->
        <test-method is-config="true" signature="tearDown()[pri:0, instance:tests.DroppableTests@3a93b025]" started-at="2026-06-18T20:50:37 IST" name="tearDown" finished-at="2026-06-18T20:50:50 IST" duration-ms="12435" status="PASS">
          <reporter-output>
          </reporter-output>
        </test-method> <!-- tearDown -->
        <test-method is-config="true" signature="setUp()[pri:0, instance:tests.DroppableTests@3a93b025]" started-at="2026-06-18T20:50:50 IST" name="setUp" finished-at="2026-06-18T20:50:54 IST" duration-ms="4200" status="PASS">
          <reporter-output>
          </reporter-output>
        </test-method> <!-- setUp -->
        <test-method signature="preventPropagationDroppable()[pri:3, instance:tests.DroppableTests@3a93b025]" started-at="2026-06-18T20:50:54 IST" name="preventPropagationDroppable" finished-at="2026-06-18T20:51:12 IST" duration-ms="17521" status="PASS">
          <reporter-output>
          </reporter-output>
        </test-method> <!-- preventPropagationDroppable -->
        <test-method is-config="true" signature="tearDown()[pri:0, instance:tests.DroppableTests@3a93b025]" started-at="2026-06-18T20:51:12 IST" name="tearDown" finished-at="2026-06-18T20:51:25 IST" duration-ms="12986" status="PASS">
          <reporter-output>
          </reporter-output>
        </test-method> <!-- tearDown -->
        <test-method is-config="true" signature="setUp()[pri:0, instance:tests.DroppableTests@3a93b025]" started-at="2026-06-18T20:51:25 IST" name="setUp" finished-at="2026-06-18T20:51:28 IST" duration-ms="3548" status="PASS">
          <reporter-output>
          </reporter-output>
        </test-method> <!-- setUp -->
        <test-method signature="testRevertDraggable()[pri:4, instance:tests.DroppableTests@3a93b025]" started-at="2026-06-18T20:51:28 IST" name="testRevertDraggable" finished-at="2026-06-18T20:51:41 IST" duration-ms="12860" status="PASS">
          <reporter-output>
          </reporter-output>
        </test-method> <!-- testRevertDraggable -->
        <test-method is-config="true" signature="tearDown()[pri:0, instance:tests.DroppableTests@3a93b025]" started-at="2026-06-18T20:51:41 IST" name="tearDown" finished-at="2026-06-18T20:51:48 IST" duration-ms="7210" status="PASS">
          <reporter-output>
          </reporter-output>
        </test-method> <!-- tearDown -->
      </class> <!-- tests.DroppableTests -->
      <class name="tests.SortableTest">
        <test-method is-config="true" signature="setUp()[pri:0, instance:tests.SortableTest@1189dd52]" started-at="2026-06-18T20:50:12 IST" name="setUp" finished-at="2026-06-18T20:50:23 IST" duration-ms="10497" status="PASS">
          <reporter-output>
          </reporter-output>
        </test-method> <!-- setUp -->
        <test-method signature="testSortableList()[pri:1, instance:tests.SortableTest@1189dd52]" started-at="2026-06-18T20:50:23 IST" name="testSortableList" finished-at="2026-06-18T20:50:38 IST" duration-ms="15316" status="PASS">
          <reporter-output>
          </reporter-output>
        </test-method> <!-- testSortableList -->
        <test-method is-config="true" signature="tearDown()[pri:0, instance:tests.SortableTest@1189dd52]" started-at="2026-06-18T20:50:38 IST" name="tearDown" finished-at="2026-06-18T20:50:45 IST" duration-ms="6496" status="PASS">
          <reporter-output>
          </reporter-output>
        </test-method> <!-- tearDown -->
        <test-method is-config="true" signature="setUp()[pri:0, instance:tests.SortableTest@1189dd52]" started-at="2026-06-18T20:50:45 IST" name="setUp" finished-at="2026-06-18T20:50:49 IST" duration-ms="3873" status="PASS">
          <reporter-output>
          </reporter-output>
        </test-method> <!-- setUp -->
        <test-method signature="testSortableGrid()[pri:2, instance:tests.SortableTest@1189dd52]" started-at="2026-06-18T20:50:49 IST" name="testSortableGrid" finished-at="2026-06-18T20:51:01 IST" duration-ms="12446" status="PASS">
          <reporter-output>
          </reporter-output>
        </test-method> <!-- testSortableGrid -->
        <test-method is-config="true" signature="tearDown()[pri:0, instance:tests.SortableTest@1189dd52]" started-at="2026-06-18T20:51:01 IST" name="tearDown" finished-at="2026-06-18T20:51:23 IST" duration-ms="22518" status="PASS">
          <reporter-output>
          </reporter-output>
        </test-method> <!-- tearDown -->
      </class> <!-- tests.SortableTest -->
      <class name="tests.SelectableTest">
        <test-method is-config="true" signature="setUp()[pri:0, instance:tests.SelectableTest@52e6fdee]" started-at="2026-06-18T20:50:12 IST" name="setUp" finished-at="2026-06-18T20:50:23 IST" duration-ms="10368" status="PASS">
          <reporter-output>
          </reporter-output>
        </test-method> <!-- setUp -->
        <test-method signature="testSelectableList()[pri:1, instance:tests.SelectableTest@52e6fdee]" started-at="2026-06-18T20:50:23 IST" name="testSelectableList" finished-at="2026-06-18T20:50:35 IST" duration-ms="12405" status="PASS">
          <reporter-output>
          </reporter-output>
        </test-method> <!-- testSelectableList -->
        <test-method is-config="true" signature="tearDown()[pri:0, instance:tests.SelectableTest@52e6fdee]" started-at="2026-06-18T20:50:35 IST" name="tearDown" finished-at="2026-06-18T20:50:51 IST" duration-ms="15398" status="PASS">
          <reporter-output>
          </reporter-output>
        </test-method> <!-- tearDown -->
        <test-method is-config="true" signature="setUp()[pri:0, instance:tests.SelectableTest@52e6fdee]" started-at="2026-06-18T20:50:51 IST" name="setUp" finished-at="2026-06-18T20:50:58 IST" duration-ms="7279" status="PASS">
          <reporter-output>
          </reporter-output>
        </test-method> <!-- setUp -->
        <test-method signature="testSelectableGrid()[pri:2, instance:tests.SelectableTest@52e6fdee]" started-at="2026-06-18T20:50:58 IST" name="testSelectableGrid" finished-at="2026-06-18T20:51:10 IST" duration-ms="12109" status="PASS">
          <reporter-output>
          </reporter-output>
        </test-method> <!-- testSelectableGrid -->
        <test-method is-config="true" signature="tearDown()[pri:0, instance:tests.SelectableTest@52e6fdee]" started-at="2026-06-18T20:51:10 IST" name="tearDown" finished-at="2026-06-18T20:51:25 IST" duration-ms="14625" status="PASS">
          <reporter-output>
          </reporter-output>
        </test-method> <!-- tearDown -->
      </class> <!-- tests.SelectableTest -->
    </test> <!-- Test -->
  </suite> <!-- Suite -->
</testng-results>
