<?xml version="1.0" encoding="UTF-8"?>
<!-- Generated by org.testng.reporters.JUnitReportReporter -->
<testsuite hostname="LTIN674473" failures="0" tests="4" name="tests.DraggableTest" time="60.771" errors="0" timestamp="2026-06-19T11:06:29 IST" skipped="0">
  <testcase classname="tests.DraggableTest" name="testSimpleDraggable" time="13.691"/>
  <testcase classname="tests.DraggableTest" name="testAxisRestrictedDraggable" time="14.048"/>
  <testcase classname="tests.DraggableTest" name="testCursorStyleDraggable" time="15.446"/>
  <testcase classname="tests.DraggableTest" name="testContainerRestrictedElegant" time="17.586"/>
</testsuite> <!-- tests.DraggableTest -->
