<?xml version="1.0" encoding="UTF-8"?>
<!-- Generated by org.testng.reporters.JUnitReportReporter -->
<testsuite hostname="LTIN674473" failures="0" tests="2" name="tests.ResizableTest" time="25.090" errors="0" timestamp="2026-06-19T11:06:29 IST" skipped="0">
  <testcase classname="tests.ResizableTest" name="testResizableBoxWithRestriction" time="12.220"/>
  <testcase classname="tests.ResizableTest" name="testResizableBoxWithoutRestriction" time="12.870"/>
</testsuite> <!-- tests.ResizableTest -->
