<?xml version="1.0" encoding="UTF-8"?>
<!-- Generated by org.testng.reporters.JUnitReportReporter -->
<testsuite hostname="LTIN674473" failures="0" tests="5" name="tests.DraggableTest" time="117.933" errors="0" timestamp="2026-06-18T20:36:38 IST" skipped="1">
  <testcase classname="tests.DraggableTest" name="testSimpleDraggable" time="29.952"/>
  <testcase classname="tests.DraggableTest" name="testAxisRestrictedDraggable" time="28.861"/>
  <testcase classname="tests.DraggableTest" name="testCursorStyleDraggable" time="17.912"/>
  <testcase classname="tests.DraggableTest" name="testCursorStyleDraggable" time="24.069">
    <skipped/>
  </testcase> <!-- testCursorStyleDraggable -->
  <testcase classname="tests.DraggableTest" name="testContainerRestrictedElegant" time="17.139"/>
</testsuite> <!-- tests.DraggableTest -->
