<?xml version="1.0" encoding="UTF-8"?>
<!-- Generated by org.testng.reporters.JUnitReportReporter -->
<testsuite hostname="LTIN674473" failures="0" tests="4" name="tests.DraggableTest" time="117.302" errors="0" timestamp="2026-06-18T20:52:10 IST" skipped="0">
  <testcase classname="tests.DraggableTest" name="testSimpleDraggable" time="26.238"/>
  <testcase classname="tests.DraggableTest" name="testAxisRestrictedDraggable" time="28.929"/>
  <testcase classname="tests.DraggableTest" name="testCursorStyleDraggable" time="32.637"/>
  <testcase classname="tests.DraggableTest" name="testContainerRestrictedElegant" time="29.498"/>
</testsuite> <!-- tests.DraggableTest -->
