<?xml version="1.0" encoding="UTF-8"?>
<!-- Generated by org.testng.reporters.JUnitReportReporter -->
<testsuite hostname="LTIN674473" failures="0" tests="3" name="tests.DroppableTests" time="95.894" errors="0" timestamp="2026-06-18T20:52:10 IST" skipped="1">
  <testcase classname="tests.DroppableTests" name="preventPropagationDroppable" time="40.989"/>
  <testcase classname="tests.DroppableTests" name="preventPropagationDroppable" time="31.287">
    <skipped/>
  </testcase> <!-- preventPropagationDroppable -->
  <testcase classname="tests.DroppableTests" name="testRevertDraggable" time="23.618"/>
</testsuite> <!-- tests.DroppableTests -->
